#
# There is insufficient memory for the Java Runtime Environment to continue.
# Native memory allocation (malloc) failed to allocate 1048576 bytes for AllocateHeap
# Possible reasons:
#   The system is out of physical RAM or swap space
#   The process is running with CompressedOops enabled, and the Java Heap may be blocking the growth of the native heap
# Possible solutions:
#   Reduce memory load on the system
#   Increase physical memory or swap space
#   Check if swap backing store is full
#   Decrease Java heap size (-Xmx/-Xms)
#   Decrease number of Java threads
#   Decrease Java thread stack sizes (-Xss)
#   Set larger code cache with -XX:ReservedCodeCacheSize=
#   JVM is running with Unscaled Compressed Oops mode in which the Java heap is
#     placed in the first 4GB address space. The Java Heap base address is the
#     maximum limit for the native heap growth. Please use -XX:HeapBaseMinAddress
#     to set the Java Heap base and to place the Java Heap above 4GB virtual address.
# This output file may be truncated or incomplete.
#
#  Out of Memory Error (./open/src/hotspot/share/memory/allocation.cpp:46), pid=10284, tid=10068
#
# JRE version: Java(TM) SE Runtime Environment 18.9 (11.0.10+8) (build 11.0.10+8-LTS-162)
# Java VM: Java HotSpot(TM) 64-Bit Server VM 18.9 (11.0.10+8-LTS-162, mixed mode, tiered, compressed oops, g1 gc, windows-amd64)
# No core dump will be written. Minidumps are not enabled by default on client versions of Windows
#

---------------  S U M M A R Y ------------

Command Line: -XX:TieredStopAtLevel=1 -Xverify:none -Dspring.output.ansi.enabled=always -javaagent:C:\Program Files\JetBrains\IntelliJ IDEA 2020.3.3\lib\idea_rt.jar=49742:C:\Program Files\JetBrains\IntelliJ IDEA 2020.3.3\bin -Dcom.sun.management.jmxremote -Dspring.jmx.enabled=true -Dspring.liveBeansView.mbeanDomain -Dspring.application.admin.enabled=true -Dfile.encoding=UTF-8 com.sparta.backend.BackendApplication

Host: Intel(R) Core(TM) i5-2520M CPU @ 2.50GHz, 4 cores, 7G,  Windows 10 , 64 bit Build 19041 (10.0.19041.804)
Time: Mon Apr  5 23:24:05 2021 대한민국 표준시 elapsed time: 13.767563 seconds (0d 0h 0m 13s)

---------------  T H R E A D  ---------------

Current thread (0x00000238cbca1000):  VMThread "VM Thread" [stack: 0x000000545f400000,0x000000545f500000] [id=10068]

Stack: [0x000000545f400000,0x000000545f500000]
[error occurred during error reporting (printing stack bounds), id 0xc0000005, EXCEPTION_ACCESS_VIOLATION (0xc0000005) at pc=0x00000238b5430f2d]

Native frames: (J=compiled Java code, j=interpreted, Vv=VM code, C=native code)
V  [jvm.dll+0x613e6a]
V  [jvm.dll+0x74c1ff]
V  [jvm.dll+0x74d885]
V  [jvm.dll+0x74de65]
V  [jvm.dll+0x74de1b]
V  [jvm.dll+0x6136a3]
V  [jvm.dll+0x613a68]
C  [ntdll.dll+0xa1f6f]
C  [ntdll.dll+0x51454]
C  [ntdll.dll+0xa0a9e]
C  0x00000238b5430f2d

VM_Operation (0x000000545eefbdf0): CollectForMetadataAllocation, mode: safepoint, requested by thread 0x00000238ad02e000


---------------  P R O C E S S  ---------------

Threads class SMR info:
_java_thread_list=0x00000238cdc631f0, length=19, elements={
0x00000238ad02e000, 0x00000238cbcc6800, 0x00000238cbcc8000, 0x00000238cbd35000,
0x00000238cbd37000, 0x00000238cbd38000, 0x00000238cbd3d800, 0x00000238cbe7c000,
0x00000238cc35b000, 0x00000238cc35b800, 0x00000238cc53d000, 0x00000238cd4c9800,
0x00000238cd530800, 0x00000238cdb1a000, 0x00000238cdb0e000, 0x00000238cdb0e800,
0x00000238cdb8c800, 0x00000238cc3cf800, 0x00000238cc803000
}

Java Threads: ( => current thread )
  0x00000238ad02e000 JavaThread "main" [_thread_blocked, id=15068, stack(0x000000545ee00000,0x000000545ef00000)]
  0x00000238cbcc6800 JavaThread "Reference Handler" daemon [_thread_blocked, id=8352, stack(0x000000545f500000,0x000000545f600000)]
  0x00000238cbcc8000 JavaThread "Finalizer" daemon [_thread_blocked, id=11768, stack(0x000000545f600000,0x000000545f700000)]
  0x00000238cbd35000 JavaThread "Signal Dispatcher" daemon [_thread_blocked, id=4876, stack(0x000000545f700000,0x000000545f800000)]
  0x00000238cbd37000 JavaThread "Attach Listener" daemon [_thread_blocked, id=8552, stack(0x000000545f800000,0x000000545f900000)]
  0x00000238cbd38000 JavaThread "C1 CompilerThread0" daemon [_thread_blocked, id=10004, stack(0x000000545f900000,0x000000545fa00000)]
  0x00000238cbd3d800 JavaThread "Sweeper thread" daemon [_thread_blocked, id=2276, stack(0x000000545fa00000,0x000000545fb00000)]
  0x00000238cbe7c000 JavaThread "Common-Cleaner" daemon [_thread_blocked, id=15192, stack(0x000000545fb00000,0x000000545fc00000)]
  0x00000238cc35b000 JavaThread "Monitor Ctrl-Break" daemon [_thread_in_native, id=3256, stack(0x000000545fc00000,0x000000545fd00000)]
  0x00000238cc35b800 JavaThread "Service Thread" daemon [_thread_blocked, id=9064, stack(0x000000545fd00000,0x000000545fe00000)]
  0x00000238cc53d000 JavaThread "RMI TCP Accept-0" daemon [_thread_in_native, id=4220, stack(0x000000545fe00000,0x000000545ff00000)]
  0x00000238cd4c9800 JavaThread "RMI TCP Connection(1)-175.116.145.151" daemon [_thread_in_native, id=3804, stack(0x0000005460500000,0x0000005460600000)]
  0x00000238cd530800 JavaThread "RMI Scheduler(0)" daemon [_thread_blocked, id=7988, stack(0x0000005460600000,0x0000005460700000)]
  0x00000238cdb1a000 JavaThread "Catalina-utility-1" [_thread_blocked, id=5680, stack(0x0000005460300000,0x0000005460400000)]
  0x00000238cdb0e000 JavaThread "Catalina-utility-2" [_thread_blocked, id=13812, stack(0x0000005460700000,0x0000005460800000)]
  0x00000238cdb0e800 JavaThread "container-0" [_thread_blocked, id=9704, stack(0x0000005460800000,0x0000005460900000)]
  0x00000238cdb8c800 JavaThread "mysql-cj-abandoned-connection-cleanup" daemon [_thread_blocked, id=5804, stack(0x0000005460900000,0x0000005460a00000)]
  0x00000238cc3cf800 JavaThread "HikariPool-1 housekeeper" daemon [_thread_blocked, id=8696, stack(0x0000005460b00000,0x0000005460c00000)]
  0x00000238cc803000 JavaThread "HikariPool-1 connection adder" daemon [_thread_blocked, id=4588, stack(0x0000005460c00000,0x0000005460d00000)]

Other Threads:
=>0x00000238cbca1000 VMThread "VM Thread" [stack: 0x000000545f400000,0x000000545f500000] [id=10068]
  0x00000238cc560000 WatcherThread [stack: 0x000000545ff00000,0x0000005460000000] [id=15320]
  0x00000238ad041800 GCTaskThread "GC Thread#0" [stack: 0x000000545ef00000,0x000000545f000000] [id=12980]
  0x00000238cc561000 GCTaskThread "GC Thread#1" [stack: 0x0000005460000000,0x0000005460100000] [id=10756]
  0x00000238cc616800 GCTaskThread "GC Thread#2" [stack: 0x0000005460100000,0x0000005460200000] [id=9272]
  0x00000238cd484800 GCTaskThread "GC Thread#3" [stack: 0x0000005460400000,0x0000005460500000] [id=10508]
  0x00000238ad073000 ConcurrentGCThread "G1 Main Marker" [stack: 0x000000545f000000,0x000000545f100000] [id=8932]
  0x00000238ad075800 ConcurrentGCThread "G1 Conc#0" [stack: 0x000000545f100000,0x000000545f200000] [id=4640]
  0x00000238cb0e5000 ConcurrentGCThread "G1 Refine#0" [stack: 0x000000545f200000,0x000000545f300000] [id=1752]
  0x00000238cc077800 ConcurrentGCThread "G1 Refine#1" [stack: 0x0000005460200000,0x0000005460300000] [id=8108]
  0x00000238cb0e8000 ConcurrentGCThread "G1 Young RemSet Sampling" [stack: 0x000000545f300000,0x000000545f400000] [id=14560]

Threads with active compile tasks:

VM state:at safepoint (normal execution)

VM Mutex/Monitor currently owned by a thread:  ([mutex/lock_event])
[0x00000238ad02a8d0] Threads_lock - owner thread: 0x00000238cbca1000
[0x00000238ad02b650] Heap_lock - owner thread: 0x00000238ad02e000

Heap address: 0x0000000081c00000, size: 2020 MB, Compressed Oops mode: 32-bit
Narrow klass base: 0x0000000000000000, Narrow klass shift: 3
Compressed class space size: 1073741824 Address: 0x0000000100000000

Heap:
 garbage-first heap   total 157696K, used 25600K [0x0000000081c00000, 0x0000000100000000)
  region size 1024K, 5 young (5120K), 5 survivors (5120K)
 Metaspace       used 57319K, capacity 58966K, committed 59056K, reserved 1112064K
  class space    used 7484K, capacity 8150K, committed 8192K, reserved 1048576K
Heap Regions: E=young(eden), S=young(survivor), O=old, HS=humongous(starts), HC=humongous(continues), CS=collection set, F=free, A=archive, TAMS=top-at-mark-start (previous, next)
|   0|0x0000000081c00000, 0x0000000081d00000, 0x0000000081d00000|100%|HS|  |TAMS 0x0000000081d00000, 0x0000000081d00000| Complete 
|   1|0x0000000081d00000, 0x0000000081e00000, 0x0000000081e00000|100%| O|  |TAMS 0x0000000081e00000, 0x0000000081e00000| Untracked 
|   2|0x0000000081e00000, 0x0000000081f00000, 0x0000000081f00000|100%| O|  |TAMS 0x0000000081f00000, 0x0000000081f00000| Untracked 
|   3|0x0000000081f00000, 0x0000000082000000, 0x0000000082000000|100%| O|  |TAMS 0x0000000082000000, 0x0000000082000000| Untracked 
|   4|0x0000000082000000, 0x0000000082100000, 0x0000000082100000|100%| O|  |TAMS 0x0000000082100000, 0x0000000082100000| Untracked 
|   5|0x0000000082100000, 0x0000000082200000, 0x0000000082200000|100%| O|  |TAMS 0x0000000082200000, 0x0000000082200000| Untracked 
|   6|0x0000000082200000, 0x0000000082300000, 0x0000000082300000|100%| O|  |TAMS 0x0000000082300000, 0x0000000082300000| Untracked 
|   7|0x0000000082300000, 0x0000000082400000, 0x0000000082400000|100%| O|  |TAMS 0x0000000082400000, 0x0000000082400000| Untracked 
|   8|0x0000000082400000, 0x0000000082500000, 0x0000000082500000|100%| O|  |TAMS 0x0000000082500000, 0x0000000082500000| Untracked 
|   9|0x0000000082500000, 0x0000000082600000, 0x0000000082600000|100%| O|  |TAMS 0x0000000082600000, 0x0000000082600000| Untracked 
|  10|0x0000000082600000, 0x0000000082700000, 0x0000000082700000|100%| O|  |TAMS 0x0000000082700000, 0x0000000082700000| Untracked 
|  11|0x0000000082700000, 0x0000000082800000, 0x0000000082800000|100%| O|  |TAMS 0x0000000082717e00, 0x0000000082800000| Untracked 
|  12|0x0000000082800000, 0x0000000082900000, 0x0000000082900000|100%| O|  |TAMS 0x0000000082800000, 0x0000000082900000| Untracked 
|  13|0x0000000082900000, 0x0000000082a00000, 0x0000000082a00000|100%| O|  |TAMS 0x0000000082900000, 0x0000000082a00000| Untracked 
|  14|0x0000000082a00000, 0x0000000082b00000, 0x0000000082b00000|100%| O|  |TAMS 0x0000000082a00000, 0x0000000082b00000| Untracked 
|  15|0x0000000082b00000, 0x0000000082c00000, 0x0000000082c00000|100%| O|  |TAMS 0x0000000082b00000, 0x0000000082c00000| Untracked 
|  16|0x0000000082c00000, 0x0000000082d00000, 0x0000000082d00000|100%| O|  |TAMS 0x0000000082c00000, 0x0000000082d00000| Untracked 
|  17|0x0000000082d00000, 0x0000000082e00000, 0x0000000082e00000|100%| O|  |TAMS 0x0000000082d00000, 0x0000000082e00000| Untracked 
|  18|0x0000000082e00000, 0x0000000082f00000, 0x0000000082f00000|100%| O|  |TAMS 0x0000000082e00000, 0x0000000082f00000| Untracked 
|  19|0x0000000082f00000, 0x0000000083000000, 0x0000000083000000|100%| O|  |TAMS 0x0000000082f00000, 0x0000000083000000| Untracked 
|  20|0x0000000083000000, 0x0000000083000000, 0x0000000083100000|  0%| F|  |TAMS 0x0000000083000000, 0x0000000083000000| Untracked 
|  21|0x0000000083100000, 0x0000000083100000, 0x0000000083200000|  0%| F|  |TAMS 0x0000000083100000, 0x0000000083100000| Untracked 
|  22|0x0000000083200000, 0x0000000083200000, 0x0000000083300000|  0%| F|  |TAMS 0x0000000083200000, 0x0000000083200000| Untracked 
|  23|0x0000000083300000, 0x0000000083300000, 0x0000000083400000|  0%| F|  |TAMS 0x0000000083300000, 0x0000000083300000| Untracked 
|  24|0x0000000083400000, 0x0000000083400000, 0x0000000083500000|  0%| F|  |TAMS 0x0000000083400000, 0x0000000083400000| Untracked 
|  25|0x0000000083500000, 0x0000000083500000, 0x0000000083600000|  0%| F|  |TAMS 0x0000000083500000, 0x0000000083500000| Untracked 
|  26|0x0000000083600000, 0x0000000083600000, 0x0000000083700000|  0%| F|  |TAMS 0x0000000083600000, 0x0000000083600000| Untracked 
|  27|0x0000000083700000, 0x0000000083700000, 0x0000000083800000|  0%| F|  |TAMS 0x0000000083700000, 0x0000000083700000| Untracked 
|  28|0x0000000083800000, 0x0000000083800000, 0x0000000083900000|  0%| F|  |TAMS 0x0000000083800000, 0x0000000083800000| Untracked 
|  29|0x0000000083900000, 0x0000000083900000, 0x0000000083a00000|  0%| F|  |TAMS 0x0000000083900000, 0x0000000083900000| Untracked 
|  30|0x0000000083a00000, 0x0000000083a00000, 0x0000000083b00000|  0%| F|  |TAMS 0x0000000083a00000, 0x0000000083a00000| Untracked 
|  31|0x0000000083b00000, 0x0000000083b00000, 0x0000000083c00000|  0%| F|  |TAMS 0x0000000083b00000, 0x0000000083b00000| Untracked 
|  32|0x0000000083c00000, 0x0000000083c00000, 0x0000000083d00000|  0%| F|  |TAMS 0x0000000083c00000, 0x0000000083c00000| Untracked 
|  33|0x0000000083d00000, 0x0000000083d00000, 0x0000000083e00000|  0%| F|  |TAMS 0x0000000083d00000, 0x0000000083d00000| Untracked 
|  34|0x0000000083e00000, 0x0000000083e00000, 0x0000000083f00000|  0%| F|  |TAMS 0x0000000083e00000, 0x0000000083e00000| Untracked 
|  35|0x0000000083f00000, 0x0000000083f00000, 0x0000000084000000|  0%| F|  |TAMS 0x0000000083f00000, 0x0000000083f00000| Untracked 
|  36|0x0000000084000000, 0x0000000084000000, 0x0000000084100000|  0%| F|  |TAMS 0x0000000084000000, 0x0000000084000000| Untracked 
|  37|0x0000000084100000, 0x0000000084100000, 0x0000000084200000|  0%| F|  |TAMS 0x0000000084100000, 0x0000000084100000| Untracked 
|  38|0x0000000084200000, 0x0000000084200000, 0x0000000084300000|  0%| F|  |TAMS 0x0000000084200000, 0x0000000084200000| Untracked 
|  39|0x0000000084300000, 0x0000000084300000, 0x0000000084400000|  0%| F|  |TAMS 0x0000000084300000, 0x0000000084300000| Untracked 
|  40|0x0000000084400000, 0x0000000084400000, 0x0000000084500000|  0%| F|  |TAMS 0x0000000084400000, 0x0000000084400000| Untracked 
|  41|0x0000000084500000, 0x0000000084500000, 0x0000000084600000|  0%| F|  |TAMS 0x0000000084500000, 0x0000000084500000| Untracked 
|  42|0x0000000084600000, 0x0000000084600000, 0x0000000084700000|  0%| F|  |TAMS 0x0000000084600000, 0x0000000084600000| Untracked 
|  43|0x0000000084700000, 0x0000000084700000, 0x0000000084800000|  0%| F|  |TAMS 0x0000000084700000, 0x0000000084700000| Untracked 
|  44|0x0000000084800000, 0x0000000084800000, 0x0000000084900000|  0%| F|  |TAMS 0x0000000084800000, 0x0000000084800000| Untracked 
|  45|0x0000000084900000, 0x0000000084900000, 0x0000000084a00000|  0%| F|  |TAMS 0x0000000084900000, 0x0000000084900000| Untracked 
|  46|0x0000000084a00000, 0x0000000084a00000, 0x0000000084b00000|  0%| F|  |TAMS 0x0000000084a00000, 0x0000000084a00000| Untracked 
|  47|0x0000000084b00000, 0x0000000084b00000, 0x0000000084c00000|  0%| F|  |TAMS 0x0000000084b00000, 0x0000000084b00000| Untracked 
|  48|0x0000000084c00000, 0x0000000084c00000, 0x0000000084d00000|  0%| F|  |TAMS 0x0000000084c00000, 0x0000000084c00000| Untracked 
|  49|0x0000000084d00000, 0x0000000084d00000, 0x0000000084e00000|  0%| F|  |TAMS 0x0000000084d00000, 0x0000000084d00000| Untracked 
|  50|0x0000000084e00000, 0x0000000084e00000, 0x0000000084f00000|  0%| F|  |TAMS 0x0000000084e00000, 0x0000000084e00000| Untracked 
|  51|0x0000000084f00000, 0x0000000084f00000, 0x0000000085000000|  0%| F|  |TAMS 0x0000000084f00000, 0x0000000084f00000| Untracked 
|  52|0x0000000085000000, 0x0000000085000000, 0x0000000085100000|  0%| F|  |TAMS 0x0000000085000000, 0x0000000085000000| Untracked 
|  53|0x0000000085100000, 0x0000000085100000, 0x0000000085200000|  0%| F|  |TAMS 0x0000000085100000, 0x0000000085100000| Untracked 
|  54|0x0000000085200000, 0x0000000085200000, 0x0000000085300000|  0%| F|  |TAMS 0x0000000085200000, 0x0000000085200000| Untracked 
|  55|0x0000000085300000, 0x0000000085300000, 0x0000000085400000|  0%| F|  |TAMS 0x0000000085300000, 0x0000000085300000| Untracked 
|  56|0x0000000085400000, 0x0000000085400000, 0x0000000085500000|  0%| F|  |TAMS 0x0000000085400000, 0x0000000085400000| Untracked 
|  57|0x0000000085500000, 0x0000000085500000, 0x0000000085600000|  0%| F|  |TAMS 0x0000000085500000, 0x0000000085500000| Untracked 
|  58|0x0000000085600000, 0x0000000085600000, 0x0000000085700000|  0%| F|  |TAMS 0x0000000085600000, 0x0000000085600000| Untracked 
|  59|0x0000000085700000, 0x0000000085700000, 0x0000000085800000|  0%| F|  |TAMS 0x0000000085700000, 0x0000000085700000| Untracked 
|  60|0x0000000085800000, 0x0000000085800000, 0x0000000085900000|  0%| F|  |TAMS 0x0000000085800000, 0x0000000085800000| Untracked 
|  61|0x0000000085900000, 0x0000000085900000, 0x0000000085a00000|  0%| F|  |TAMS 0x0000000085900000, 0x0000000085900000| Untracked 
|  62|0x0000000085a00000, 0x0000000085a00000, 0x0000000085b00000|  0%| F|  |TAMS 0x0000000085a00000, 0x0000000085a00000| Untracked 
|  63|0x0000000085b00000, 0x0000000085b00000, 0x0000000085c00000|  0%| F|  |TAMS 0x0000000085b00000, 0x0000000085b00000| Untracked 
|  64|0x0000000085c00000, 0x0000000085c00000, 0x0000000085d00000|  0%| F|  |TAMS 0x0000000085c00000, 0x0000000085c00000| Untracked 
|  65|0x0000000085d00000, 0x0000000085d00000, 0x0000000085e00000|  0%| F|  |TAMS 0x0000000085d00000, 0x0000000085d00000| Untracked 
|  66|0x0000000085e00000, 0x0000000085e00000, 0x0000000085f00000|  0%| F|  |TAMS 0x0000000085e00000, 0x0000000085e00000| Untracked 
|  67|0x0000000085f00000, 0x0000000085f00000, 0x0000000086000000|  0%| F|  |TAMS 0x0000000085f00000, 0x0000000085f00000| Untracked 
|  68|0x0000000086000000, 0x0000000086000000, 0x0000000086100000|  0%| F|  |TAMS 0x0000000086000000, 0x0000000086000000| Untracked 
|  69|0x0000000086100000, 0x0000000086100000, 0x0000000086200000|  0%| F|  |TAMS 0x0000000086100000, 0x0000000086100000| Untracked 
|  70|0x0000000086200000, 0x0000000086200000, 0x0000000086300000|  0%| F|  |TAMS 0x0000000086200000, 0x0000000086200000| Untracked 
|  71|0x0000000086300000, 0x0000000086300000, 0x0000000086400000|  0%| F|  |TAMS 0x0000000086300000, 0x0000000086300000| Untracked 
|  72|0x0000000086400000, 0x0000000086400000, 0x0000000086500000|  0%| F|  |TAMS 0x0000000086400000, 0x0000000086400000| Untracked 
|  73|0x0000000086500000, 0x0000000086500000, 0x0000000086600000|  0%| F|  |TAMS 0x0000000086500000, 0x0000000086500000| Untracked 
|  74|0x0000000086600000, 0x0000000086600000, 0x0000000086700000|  0%| F|  |TAMS 0x0000000086600000, 0x0000000086600000| Untracked 
|  75|0x0000000086700000, 0x0000000086700000, 0x0000000086800000|  0%| F|  |TAMS 0x0000000086700000, 0x0000000086700000| Untracked 
|  76|0x0000000086800000, 0x0000000086800000, 0x0000000086900000|  0%| F|  |TAMS 0x0000000086800000, 0x0000000086800000| Untracked 
|  77|0x0000000086900000, 0x0000000086900000, 0x0000000086a00000|  0%| F|  |TAMS 0x0000000086900000, 0x0000000086900000| Untracked 
|  78|0x0000000086a00000, 0x0000000086a00000, 0x0000000086b00000|  0%| F|  |TAMS 0x0000000086a00000, 0x0000000086a00000| Untracked 
|  79|0x0000000086b00000, 0x0000000086b00000, 0x0000000086c00000|  0%| F|  |TAMS 0x0000000086b00000, 0x0000000086b00000| Untracked 
|  80|0x0000000086c00000, 0x0000000086c00000, 0x0000000086d00000|  0%| F|  |TAMS 0x0000000086c00000, 0x0000000086c00000| Untracked 
|  81|0x0000000086d00000, 0x0000000086d00000, 0x0000000086e00000|  0%| F|  |TAMS 0x0000000086d00000, 0x0000000086d00000| Untracked 
|  82|0x0000000086e00000, 0x0000000086e00000, 0x0000000086f00000|  0%| F|  |TAMS 0x0000000086e00000, 0x0000000086e00000| Untracked 
|  83|0x0000000086f00000, 0x0000000086f00000, 0x0000000087000000|  0%| F|  |TAMS 0x0000000086f00000, 0x0000000086f00000| Untracked 
|  84|0x0000000087000000, 0x0000000087000000, 0x0000000087100000|  0%| F|  |TAMS 0x0000000087000000, 0x0000000087000000| Untracked 
|  85|0x0000000087100000, 0x0000000087100000, 0x0000000087200000|  0%| F|  |TAMS 0x0000000087100000, 0x0000000087100000| Untracked 
|  86|0x0000000087200000, 0x0000000087200000, 0x0000000087300000|  0%| F|  |TAMS 0x0000000087200000, 0x0000000087200000| Untracked 
|  87|0x0000000087300000, 0x0000000087300000, 0x0000000087400000|  0%| F|  |TAMS 0x0000000087300000, 0x0000000087300000| Untracked 
|  88|0x0000000087400000, 0x0000000087400000, 0x0000000087500000|  0%| F|  |TAMS 0x0000000087400000, 0x0000000087400000| Untracked 
|  89|0x0000000087500000, 0x0000000087500000, 0x0000000087600000|  0%| F|  |TAMS 0x0000000087500000, 0x0000000087500000| Untracked 
|  90|0x0000000087600000, 0x0000000087600000, 0x0000000087700000|  0%| F|  |TAMS 0x0000000087600000, 0x0000000087600000| Untracked 
|  91|0x0000000087700000, 0x0000000087700000, 0x0000000087800000|  0%| F|  |TAMS 0x0000000087700000, 0x0000000087700000| Untracked 
|  92|0x0000000087800000, 0x0000000087800000, 0x0000000087900000|  0%| F|  |TAMS 0x0000000087800000, 0x0000000087800000| Untracked 
|  93|0x0000000087900000, 0x0000000087900000, 0x0000000087a00000|  0%| F|  |TAMS 0x0000000087900000, 0x0000000087900000| Untracked 
|  94|0x0000000087a00000, 0x0000000087a00000, 0x0000000087b00000|  0%| F|  |TAMS 0x0000000087a00000, 0x0000000087a00000| Untracked 
|  95|0x0000000087b00000, 0x0000000087b00000, 0x0000000087c00000|  0%| F|  |TAMS 0x0000000087b00000, 0x0000000087b00000| Untracked 
|  96|0x0000000087c00000, 0x0000000087c00000, 0x0000000087d00000|  0%| F|  |TAMS 0x0000000087c00000, 0x0000000087c00000| Untracked 
|  97|0x0000000087d00000, 0x0000000087d00000, 0x0000000087e00000|  0%| F|  |TAMS 0x0000000087d00000, 0x0000000087d00000| Untracked 
|  98|0x0000000087e00000, 0x0000000087e00000, 0x0000000087f00000|  0%| F|  |TAMS 0x0000000087e00000, 0x0000000087e00000| Untracked 
|  99|0x0000000087f00000, 0x0000000087f00000, 0x0000000088000000|  0%| F|  |TAMS 0x0000000087f00000, 0x0000000087f00000| Untracked 
| 100|0x0000000088000000, 0x0000000088000000, 0x0000000088100000|  0%| F|  |TAMS 0x0000000088000000, 0x0000000088000000| Untracked 
| 101|0x0000000088100000, 0x0000000088100000, 0x0000000088200000|  0%| F|  |TAMS 0x0000000088100000, 0x0000000088100000| Untracked 
| 102|0x0000000088200000, 0x0000000088200000, 0x0000000088300000|  0%| F|  |TAMS 0x0000000088200000, 0x0000000088200000| Untracked 
| 103|0x0000000088300000, 0x0000000088300000, 0x0000000088400000|  0%| F|  |TAMS 0x0000000088300000, 0x0000000088300000| Untracked 
| 104|0x0000000088400000, 0x0000000088400000, 0x0000000088500000|  0%| F|  |TAMS 0x0000000088400000, 0x0000000088400000| Untracked 
| 105|0x0000000088500000, 0x0000000088500000, 0x0000000088600000|  0%| F|  |TAMS 0x0000000088500000, 0x0000000088500000| Untracked 
| 106|0x0000000088600000, 0x0000000088600000, 0x0000000088700000|  0%| F|  |TAMS 0x0000000088600000, 0x0000000088600000| Untracked 
| 107|0x0000000088700000, 0x0000000088700000, 0x0000000088800000|  0%| F|  |TAMS 0x0000000088700000, 0x0000000088700000| Untracked 
| 108|0x0000000088800000, 0x0000000088800000, 0x0000000088900000|  0%| F|  |TAMS 0x0000000088800000, 0x0000000088800000| Untracked 
| 109|0x0000000088900000, 0x0000000088900000, 0x0000000088a00000|  0%| F|  |TAMS 0x0000000088900000, 0x0000000088900000| Untracked 
| 110|0x0000000088a00000, 0x0000000088a00000, 0x0000000088b00000|  0%| F|  |TAMS 0x0000000088a00000, 0x0000000088a00000| Untracked 
| 111|0x0000000088b00000, 0x0000000088b00000, 0x0000000088c00000|  0%| F|  |TAMS 0x0000000088b00000, 0x0000000088b00000| Untracked 
| 112|0x0000000088c00000, 0x0000000088c00000, 0x0000000088d00000|  0%| F|  |TAMS 0x0000000088c00000, 0x0000000088c00000| Untracked 
| 113|0x0000000088d00000, 0x0000000088d00000, 0x0000000088e00000|  0%| F|  |TAMS 0x0000000088d00000, 0x0000000088d00000| Untracked 
| 114|0x0000000088e00000, 0x0000000088e00000, 0x0000000088f00000|  0%| F|  |TAMS 0x0000000088e00000, 0x0000000088e00000| Untracked 
| 115|0x0000000088f00000, 0x0000000088f00000, 0x0000000089000000|  0%| F|  |TAMS 0x0000000088f00000, 0x0000000088f00000| Untracked 
| 116|0x0000000089000000, 0x0000000089000000, 0x0000000089100000|  0%| F|  |TAMS 0x0000000089000000, 0x0000000089000000| Untracked 
| 117|0x0000000089100000, 0x0000000089100000, 0x0000000089200000|  0%| F|  |TAMS 0x0000000089100000, 0x0000000089100000| Untracked 
| 118|0x0000000089200000, 0x0000000089200000, 0x0000000089300000|  0%| F|  |TAMS 0x0000000089200000, 0x0000000089200000| Untracked 
| 119|0x0000000089300000, 0x0000000089300000, 0x0000000089400000|  0%| F|  |TAMS 0x0000000089300000, 0x0000000089300000| Untracked 
| 120|0x0000000089400000, 0x0000000089400000, 0x0000000089500000|  0%| F|  |TAMS 0x0000000089400000, 0x0000000089400000| Untracked 
| 121|0x0000000089500000, 0x0000000089500000, 0x0000000089600000|  0%| F|  |TAMS 0x0000000089500000, 0x0000000089500000| Untracked 
| 122|0x0000000089600000, 0x0000000089600000, 0x0000000089700000|  0%| F|  |TAMS 0x0000000089600000, 0x0000000089600000| Untracked 
| 123|0x0000000089700000, 0x0000000089700000, 0x0000000089800000|  0%| F|  |TAMS 0x0000000089700000, 0x0000000089700000| Untracked 
| 124|0x0000000089800000, 0x0000000089800000, 0x0000000089900000|  0%| F|  |TAMS 0x0000000089800000, 0x0000000089800000| Untracked 
| 125|0x0000000089900000, 0x0000000089900000, 0x0000000089a00000|  0%| F|  |TAMS 0x0000000089900000, 0x0000000089900000| Untracked 
| 126|0x0000000089a00000, 0x0000000089a00000, 0x0000000089b00000|  0%| F|  |TAMS 0x0000000089a00000, 0x0000000089a00000| Untracked 
| 127|0x0000000089b00000, 0x0000000089b00000, 0x0000000089c00000|  0%| F|  |TAMS 0x0000000089b00000, 0x0000000089b00000| Untracked 
| 128|0x0000000089c00000, 0x0000000089c00000, 0x0000000089d00000|  0%| F|  |TAMS 0x0000000089c00000, 0x0000000089c00000| Untracked 
| 129|0x0000000089d00000, 0x0000000089d00000, 0x0000000089e00000|  0%| F|  |TAMS 0x0000000089d00000, 0x0000000089d00000| Untracked 
| 130|0x0000000089e00000, 0x0000000089e00000, 0x0000000089f00000|  0%| F|  |TAMS 0x0000000089e00000, 0x0000000089e00000| Untracked 
| 131|0x0000000089f00000, 0x0000000089f00000, 0x000000008a000000|  0%| F|  |TAMS 0x0000000089f00000, 0x0000000089f00000| Untracked 
| 132|0x000000008a000000, 0x000000008a000000, 0x000000008a100000|  0%| F|  |TAMS 0x000000008a000000, 0x000000008a000000| Untracked 
| 133|0x000000008a100000, 0x000000008a100000, 0x000000008a200000|  0%| F|  |TAMS 0x000000008a100000, 0x000000008a100000| Untracked 
| 134|0x000000008a200000, 0x000000008a200000, 0x000000008a300000|  0%| F|  |TAMS 0x000000008a200000, 0x000000008a200000| Untracked 
| 135|0x000000008a300000, 0x000000008a300000, 0x000000008a400000|  0%| F|  |TAMS 0x000000008a300000, 0x000000008a300000| Untracked 
| 136|0x000000008a400000, 0x000000008a400000, 0x000000008a500000|  0%| F|  |TAMS 0x000000008a400000, 0x000000008a400000| Untracked 
| 137|0x000000008a500000, 0x000000008a500000, 0x000000008a600000|  0%| F|  |TAMS 0x000000008a500000, 0x000000008a500000| Untracked 
| 138|0x000000008a600000, 0x000000008a600000, 0x000000008a700000|  0%| F|  |TAMS 0x000000008a600000, 0x000000008a600000| Untracked 
| 139|0x000000008a700000, 0x000000008a700000, 0x000000008a800000|  0%| F|  |TAMS 0x000000008a700000, 0x000000008a700000| Untracked 
| 140|0x000000008a800000, 0x000000008a800000, 0x000000008a900000|  0%| F|  |TAMS 0x000000008a800000, 0x000000008a800000| Untracked 
| 141|0x000000008a900000, 0x000000008a900000, 0x000000008aa00000|  0%| F|  |TAMS 0x000000008a900000, 0x000000008a900000| Untracked 
| 142|0x000000008aa00000, 0x000000008aa00000, 0x000000008ab00000|  0%| F|  |TAMS 0x000000008aa00000, 0x000000008aa00000| Untracked 
| 143|0x000000008ab00000, 0x000000008ab00000, 0x000000008ac00000|  0%| F|  |TAMS 0x000000008ab00000, 0x000000008ab00000| Untracked 
| 144|0x000000008ac00000, 0x000000008ac00000, 0x000000008ad00000|  0%| F|  |TAMS 0x000000008ac00000, 0x000000008ac00000| Untracked 
| 145|0x000000008ad00000, 0x000000008ad00000, 0x000000008ae00000|  0%| F|  |TAMS 0x000000008ad00000, 0x000000008ad00000| Untracked 
| 146|0x000000008ae00000, 0x000000008ae00000, 0x000000008af00000|  0%| F|  |TAMS 0x000000008ae00000, 0x000000008ae00000| Untracked 
| 147|0x000000008af00000, 0x000000008b000000, 0x000000008b000000|100%| S|CS|TAMS 0x000000008af00000, 0x000000008af00000| Complete 
| 148|0x000000008b000000, 0x000000008b100000, 0x000000008b100000|100%| S|CS|TAMS 0x000000008b000000, 0x000000008b000000| Complete 
| 149|0x000000008b100000, 0x000000008b200000, 0x000000008b200000|100%| S|CS|TAMS 0x000000008b100000, 0x000000008b100000| Complete 
| 150|0x000000008b200000, 0x000000008b300000, 0x000000008b300000|100%| S|CS|TAMS 0x000000008b200000, 0x000000008b200000| Complete 
| 151|0x000000008b300000, 0x000000008b400000, 0x000000008b400000|100%| S|CS|TAMS 0x000000008b300000, 0x000000008b300000| Complete 
| 152|0x000000008b400000, 0x000000008b400000, 0x000000008b500000|  0%| F|  |TAMS 0x000000008b400000, 0x000000008b400000| Untracked 
| 153|0x000000008b500000, 0x000000008b500000, 0x000000008b600000|  0%| F|  |TAMS 0x000000008b500000, 0x000000008b500000| Untracked 

Card table byte_map: [0x00000238c4830000,0x00000238c4c30000] _byte_map_base: 0x00000238c4422000

Marking Bits (Prev, Next): (CMBitMap*) 0x00000238ad06a510, (CMBitMap*) 0x00000238ad06a4d8
 Prev Bits: [0x00000238c6fc0000, 0x00000238c8f50000)
 Next Bits: [0x00000238c5030000, 0x00000238c6fc0000)

Polling page: 0x00000238aaf40000

Metaspace:

Usage:
  Non-class:     49.63 MB capacity,    48.67 MB ( 98%) used,   779.56 KB (  2%) free+waste,   202.25 KB ( <1%) overhead. 
      Class:      7.96 MB capacity,     7.31 MB ( 92%) used,   566.13 KB (  7%) free+waste,    99.00 KB (  1%) overhead. 
       Both:     57.58 MB capacity,    55.98 MB ( 97%) used,     1.31 MB (  2%) free+waste,   301.25 KB ( <1%) overhead. 

Virtual space:
  Non-class space:       62.00 MB reserved,      49.67 MB ( 80%) committed 
      Class space:        1.00 GB reserved,       8.00 MB ( <1%) committed 
             Both:        1.06 GB reserved,      57.67 MB (  5%) committed 

Chunk freelists:
   Non-Class:  6.00 KB
       Class:  1.25 KB
        Both:  7.25 KB

CodeHeap 'non-profiled nmethods': size=238912Kb used=7242Kb max_used=7242Kb free=231669Kb
 bounds [0x00000238b5ae0000, 0x00000238b6200000, 0x00000238c4430000]
CodeHeap 'non-nmethods': size=6848Kb used=1233Kb max_used=1233Kb free=5614Kb
 bounds [0x00000238b5430000, 0x00000238b56a0000, 0x00000238b5ae0000]
 total_blobs=5371 nmethods=4761 adapters=536
 compilation: enabled
              stopped_count=0, restarted_count=0
 full_count=0

Compilation events (10 events):
Event: 13.675 Thread 0x00000238cbd38000 4757       1       org.springframework.beans.factory.support.DefaultListableBeanFactory$$Lambda$967/0x00000001007e0040::test (10 bytes)
Event: 13.676 Thread 0x00000238cbd38000 nmethod 4757 0x00000238b61f1690 code [0x00000238b61f1840, 0x00000238b61f1968]
Event: 13.676 Thread 0x00000238cbd38000 4758   !   1       com.sun.proxy.$Proxy28::annotationType (29 bytes)
Event: 13.677 Thread 0x00000238cbd38000 nmethod 4758 0x00000238b61f1a10 code [0x00000238b61f1bc0, 0x00000238b61f1d78]
Event: 13.677 Thread 0x00000238cbd38000 4759       1       org.springframework.aop.scope.ScopedProxyUtils::isScopedTarget (19 bytes)
Event: 13.677 Thread 0x00000238cbd38000 nmethod 4759 0x00000238b61f1e90 code [0x00000238b61f2040, 0x00000238b61f2148]
Event: 13.740 Thread 0x00000238cbd38000 4760       1       java.lang.ThreadLocal$ThreadLocalMap::cleanSomeSlots (60 bytes)
Event: 13.740 Thread 0x00000238cbd38000 nmethod 4760 0x00000238b61f2210 code [0x00000238b61f23c0, 0x00000238b61f2568]
Event: 13.741 Thread 0x00000238cbd38000 4761       1       org.springframework.beans.factory.support.AbstractAutowireCapableBeanFactory::getInstantiationStrategy (5 bytes)
Event: 13.741 Thread 0x00000238cbd38000 nmethod 4761 0x00000238b61f2690 code [0x00000238b61f2820, 0x00000238b61f28d8]

GC Heap History (10 events):
Event: 9.377 GC heap before
{Heap before GC invocations=7 (full 0):
 garbage-first heap   total 131072K, used 83764K [0x0000000081c00000, 0x0000000100000000)
  region size 1024K, 76 young (77824K), 8 survivors (8192K)
 Metaspace       used 33672K, capacity 34975K, committed 35120K, reserved 1079296K
  class space    used 4213K, capacity 4726K, committed 4736K, reserved 1048576K
}
Event: 9.392 GC heap after
{Heap after GC invocations=8 (full 0):
 garbage-first heap   total 131072K, used 16642K [0x0000000081c00000, 0x0000000100000000)
  region size 1024K, 7 young (7168K), 7 survivors (7168K)
 Metaspace       used 33672K, capacity 34975K, committed 35120K, reserved 1079296K
  class space    used 4213K, capacity 4726K, committed 4736K, reserved 1048576K
}
Event: 9.620 GC heap before
{Heap before GC invocations=8 (full 0):
 garbage-first heap   total 131072K, used 23810K [0x0000000081c00000, 0x0000000100000000)
  region size 1024K, 15 young (15360K), 7 survivors (7168K)
 Metaspace       used 34518K, capacity 35840K, committed 35920K, reserved 1081344K
  class space    used 4346K, capacity 4864K, committed 4864K, reserved 1048576K
}
Event: 9.642 GC heap after
{Heap after GC invocations=9 (full 0):
 garbage-first heap   total 131072K, used 16791K [0x0000000081c00000, 0x0000000100000000)
  region size 1024K, 6 young (6144K), 6 survivors (6144K)
 Metaspace       used 34518K, capacity 35840K, committed 35920K, reserved 1081344K
  class space    used 4346K, capacity 4864K, committed 4864K, reserved 1048576K
}
Event: 11.734 GC heap before
{Heap before GC invocations=10 (full 0):
 garbage-first heap   total 131072K, used 87447K [0x0000000081c00000, 0x0000000100000000)
  region size 1024K, 76 young (77824K), 6 survivors (6144K)
 Metaspace       used 47826K, capacity 49239K, committed 49456K, reserved 1091584K
  class space    used 6133K, capacity 6682K, committed 6784K, reserved 1048576K
}
Event: 11.751 GC heap after
{Heap after GC invocations=11 (full 0):
 garbage-first heap   total 157696K, used 21110K [0x0000000081c00000, 0x0000000100000000)
  region size 1024K, 10 young (10240K), 10 survivors (10240K)
 Metaspace       used 47826K, capacity 49239K, committed 49456K, reserved 1091584K
  class space    used 6133K, capacity 6682K, committed 6784K, reserved 1048576K
}
Event: 13.691 GC heap before
{Heap before GC invocations=12 (full 0):
 garbage-first heap   total 157696K, used 103030K [0x0000000081c00000, 0x0000000100000000)
  region size 1024K, 91 young (93184K), 10 survivors (10240K)
 Metaspace       used 57121K, capacity 58825K, committed 59056K, reserved 1103872K
  class space    used 7459K, capacity 8146K, committed 8192K, reserved 1048576K
}
Event: 13.712 GC heap after
{Heap after GC invocations=13 (full 0):
 garbage-first heap   total 157696K, used 25340K [0x0000000081c00000, 0x0000000100000000)
  region size 1024K, 11 young (11264K), 11 survivors (11264K)
 Metaspace       used 57121K, capacity 58825K, committed 59056K, reserved 1103872K
  class space    used 7459K, capacity 8146K, committed 8192K, reserved 1048576K
}
Event: 13.746 GC heap before
{Heap before GC invocations=13 (full 0):
 garbage-first heap   total 157696K, used 26364K [0x0000000081c00000, 0x0000000100000000)
  region size 1024K, 13 young (13312K), 11 survivors (11264K)
 Metaspace       used 57319K, capacity 58966K, committed 59056K, reserved 1110016K
  class space    used 7484K, capacity 8150K, committed 8192K, reserved 1048576K
}
Event: 13.762 GC heap after
{Heap after GC invocations=14 (full 0):
 garbage-first heap   total 157696K, used 25600K [0x0000000081c00000, 0x0000000100000000)
  region size 1024K, 5 young (5120K), 5 survivors (5120K)
 Metaspace       used 57319K, capacity 58966K, committed 59056K, reserved 1110016K
  class space    used 7484K, capacity 8150K, committed 8192K, reserved 1048576K
}

Deoptimization events (0 events):
No events

Classes redefined (0 events):
No events

Internal exceptions (10 events):
Event: 13.477 Thread 0x00000238ad02e000 Exception <a 'java/lang/ClassNotFoundException'{0x00000000870b6d38}: org/springframework/web/servlet/config/annotation/DelegatingWebMvcConfigurationCustomizer> (0x00000000870b6d38) thrown at [./open/src/hotspot/share/classfile/systemDictionary.cpp, line 2
Event: 13.478 Thread 0x00000238ad02e000 Exception <a 'java/lang/ClassNotFoundException'{0x00000000870d4270}: org/springframework/boot/autoconfigure/web/servlet/WebMvcAutoConfiguration$EnableWebMvcConfigurationCustomizer> (0x00000000870d4270) thrown at [./open/src/hotspot/share/classfile/systemD
Event: 13.479 Thread 0x00000238ad02e000 Exception <a 'java/lang/ClassNotFoundException'{0x00000000870f4be0}: org/springframework/context/ResourceLoaderAwareCustomizer> (0x00000000870f4be0) thrown at [./open/src/hotspot/share/classfile/systemDictionary.cpp, line 228]
Event: 13.480 Thread 0x00000238ad02e000 Exception <a 'java/lang/ClassNotFoundException'{0x0000000086f060f8}: org/springframework/beans/factory/AwareCustomizer> (0x0000000086f060f8) thrown at [./open/src/hotspot/share/classfile/systemDictionary.cpp, line 228]
Event: 13.481 Thread 0x00000238ad02e000 Exception <a 'java/lang/ClassNotFoundException'{0x0000000086f18208}: org/springframework/context/ApplicationContextAwareCustomizer> (0x0000000086f18208) thrown at [./open/src/hotspot/share/classfile/systemDictionary.cpp, line 228]
Event: 13.481 Thread 0x00000238ad02e000 Exception <a 'java/lang/ClassNotFoundException'{0x0000000086f29c08}: org/springframework/beans/factory/AwareCustomizer> (0x0000000086f29c08) thrown at [./open/src/hotspot/share/classfile/systemDictionary.cpp, line 228]
Event: 13.482 Thread 0x00000238ad02e000 Exception <a 'java/lang/ClassNotFoundException'{0x0000000086f3bcf0}: org/springframework/web/context/ServletContextAwareCustomizer> (0x0000000086f3bcf0) thrown at [./open/src/hotspot/share/classfile/systemDictionary.cpp, line 228]
Event: 13.483 Thread 0x00000238ad02e000 Exception <a 'java/lang/ClassNotFoundException'{0x0000000086f4d3d8}: org/springframework/beans/factory/AwareCustomizer> (0x0000000086f4d3d8) thrown at [./open/src/hotspot/share/classfile/systemDictionary.cpp, line 228]
Event: 13.658 Thread 0x00000238ad02e000 Exception <a 'java/lang/NoSuchMethodError'{0x0000000086641d08}: java.lang.invoke.DirectMethodHandle$Holder.invokeVirtual(Ljava/lang/Object;Ljava/lang/Object;I)V> (0x0000000086641d08) thrown at [./open/src/hotspot/share/interpreter/linkResolver.cpp, line 7
Event: 13.659 Thread 0x00000238ad02e000 Exception <a 'java/lang/NoSuchMethodError'{0x000000008665baf0}: java.lang.invoke.DirectMethodHandle$Holder.invokeVirtual(Ljava/lang/Object;Ljava/lang/Object;J)V> (0x000000008665baf0) thrown at [./open/src/hotspot/share/interpreter/linkResolver.cpp, line 7

Events (10 events):
Event: 13.742 loading class org/springframework/web/cors/CorsConfiguration done
Event: 13.743 loading class org/springframework/web/cors/CorsConfiguration$OriginPattern
Event: 13.743 loading class org/springframework/web/cors/CorsConfiguration$OriginPattern done
Event: 13.744 loading class org/springframework/web/servlet/mvc/method/RequestMappingInfoHandlerMapping$HttpOptionsHandler
Event: 13.744 loading class org/springframework/web/servlet/mvc/method/RequestMappingInfoHandlerMapping$HttpOptionsHandler done
Event: 13.744 loading class org/springframework/web/cors/DefaultCorsProcessor
Event: 13.744 loading class org/springframework/web/cors/DefaultCorsProcessor done
Event: 13.745 loading class org/springframework/web/cors/CorsProcessor
Event: 13.745 loading class org/springframework/web/cors/CorsProcessor done
Event: 13.746 Executing VM operation: CollectForMetadataAllocation


Dynamic libraries:
0x00007ff65cd40000 - 0x00007ff65cd4f000 	C:\Program Files\Java\jdk-11.0.10\bin\java.exe
0x00007ffb47e90000 - 0x00007ffb48085000 	C:\WINDOWS\SYSTEM32\ntdll.dll
0x00007ffb46ec0000 - 0x00007ffb46f7d000 	C:\WINDOWS\System32\KERNEL32.DLL
0x00007ffb45100000 - 0x00007ffb453c9000 	C:\WINDOWS\System32\KERNELBASE.dll
0x00007ffb45000000 - 0x00007ffb45100000 	C:\WINDOWS\System32\ucrtbase.dll
0x00007ffb3dd40000 - 0x00007ffb3dd55000 	C:\Program Files\Java\jdk-11.0.10\bin\VCRUNTIME140.dll
0x00007ffb3dcc0000 - 0x00007ffb3dcd8000 	C:\Program Files\Java\jdk-11.0.10\bin\jli.dll
0x00007ffb46d40000 - 0x00007ffb46dec000 	C:\WINDOWS\System32\ADVAPI32.dll
0x00007ffb45700000 - 0x00007ffb4579e000 	C:\WINDOWS\System32\msvcrt.dll
0x00007ffb47130000 - 0x00007ffb471cc000 	C:\WINDOWS\System32\sechost.dll
0x00007ffb46830000 - 0x00007ffb4695b000 	C:\WINDOWS\System32\RPCRT4.dll
0x00007ffb45550000 - 0x00007ffb456f0000 	C:\WINDOWS\System32\USER32.dll
0x00007ffb44f80000 - 0x00007ffb44fa2000 	C:\WINDOWS\System32\win32u.dll
0x00007ffb46410000 - 0x00007ffb4643a000 	C:\WINDOWS\System32\GDI32.dll
0x00007ffb44c90000 - 0x00007ffb44d9b000 	C:\WINDOWS\System32\gdi32full.dll
0x00007ffb454b0000 - 0x00007ffb4554d000 	C:\WINDOWS\System32\msvcp_win.dll
0x00007ffb37100000 - 0x00007ffb3739a000 	C:\WINDOWS\WinSxS\amd64_microsoft.windows.common-controls_6595b64144ccf1df_6.0.19041.844_none_ca00b6081b84eb1d\COMCTL32.dll
0x00007ffb43530000 - 0x00007ffb4353a000 	C:\WINDOWS\SYSTEM32\VERSION.dll
0x00007ffb467a0000 - 0x00007ffb467d0000 	C:\WINDOWS\System32\IMM32.DLL
0x00007ffb43540000 - 0x00007ffb43577000 	C:\WINDOWS\system32\DriverStore\FileRepository\nvltwu.inf_amd64_c8da725822079174\nvinitx.dll
0x00007ffb475b0000 - 0x00007ffb47cf2000 	C:\WINDOWS\System32\Shell32.dll
0x00007ffb42d40000 - 0x00007ffb434d0000 	C:\WINDOWS\SYSTEM32\windows.storage.dll
0x00007ffb46440000 - 0x00007ffb46795000 	C:\WINDOWS\System32\combase.dll
0x00007ffb446a0000 - 0x00007ffb446cc000 	C:\WINDOWS\SYSTEM32\Wldp.dll
0x00007ffb47480000 - 0x00007ffb4752e000 	C:\WINDOWS\System32\SHCORE.dll
0x00007ffb467d0000 - 0x00007ffb46825000 	C:\WINDOWS\System32\shlwapi.dll
0x000000006e900000 - 0x000000006e906000 	C:\Program Files\NVIDIA Corporation\CoProcManager\_etoured.dll
0x00007ffb3f4a0000 - 0x00007ffb3f4e4000 	C:\Program Files\NVIDIA Corporation\CoProcManager\nvd3d9wrapx.dll
0x00007ffb45e30000 - 0x00007ffb46299000 	C:\WINDOWS\System32\SETUPAPI.dll
0x00007ffb44fb0000 - 0x00007ffb44ffe000 	C:\WINDOWS\System32\cfgmgr32.dll
0x00007ffb453d0000 - 0x00007ffb453f7000 	C:\WINDOWS\System32\bcrypt.dll
0x00007ffb40b40000 - 0x00007ffb40b6e000 	C:\Program Files\NVIDIA Corporation\CoProcManager\nvdxgiwrapx.dll
0x00007ffb2d290000 - 0x00007ffb2d32b000 	C:\Program Files\Java\jdk-11.0.10\bin\msvcp140.dll
0x00007ffb07d30000 - 0x00007ffb0882b000 	C:\Program Files\Java\jdk-11.0.10\bin\server\jvm.dll
0x00007ffb47d00000 - 0x00007ffb47d08000 	C:\WINDOWS\System32\PSAPI.DLL
0x00007ffb33d10000 - 0x00007ffb33d19000 	C:\WINDOWS\SYSTEM32\WSOCK32.dll
0x00007ffb39d10000 - 0x00007ffb39d37000 	C:\WINDOWS\SYSTEM32\WINMM.dll
0x00007ffb47530000 - 0x00007ffb4759b000 	C:\WINDOWS\System32\WS2_32.dll
0x00007ffb42b40000 - 0x00007ffb42b52000 	C:\WINDOWS\SYSTEM32\kernel.appcore.dll
0x00007ffb40b90000 - 0x00007ffb40ba0000 	C:\Program Files\Java\jdk-11.0.10\bin\verify.dll
0x00007ffb3bee0000 - 0x00007ffb3c0c4000 	C:\WINDOWS\SYSTEM32\DBGHELP.DLL
0x00007ffb3c140000 - 0x00007ffb3c16c000 	C:\WINDOWS\SYSTEM32\dbgcore.DLL
0x00000238ac700000 - 0x00000238ac780000 	C:\WINDOWS\System32\bcryptPrimitives.dll
0x00007ffb3b6b0000 - 0x00007ffb3b6d8000 	C:\Program Files\Java\jdk-11.0.10\bin\java.dll
0x00007ffb3f490000 - 0x00007ffb3f49a000 	C:\Program Files\Java\jdk-11.0.10\bin\jimage.dll
0x00007ffb3f480000 - 0x00007ffb3f48e000 	C:\Program Files\Java\jdk-11.0.10\bin\instrument.dll
0x00007ffb3b690000 - 0x00007ffb3b6a6000 	C:\Program Files\Java\jdk-11.0.10\bin\zip.dll
0x00007ffb44b70000 - 0x00007ffb44b8f000 	C:\WINDOWS\SYSTEM32\profapi.dll
0x00007ffb3dd80000 - 0x00007ffb3dd99000 	C:\Program Files\Java\jdk-11.0.10\bin\net.dll
0x00007ffb39530000 - 0x00007ffb3963c000 	C:\WINDOWS\SYSTEM32\WINHTTP.dll
0x00007ffb44420000 - 0x00007ffb4448a000 	C:\WINDOWS\system32\mswsock.dll
0x00007ffb3b120000 - 0x00007ffb3b132000 	C:\Program Files\Java\jdk-11.0.10\bin\nio.dll
0x00007ffb3f960000 - 0x00007ffb3f97a000 	C:\Program Files\JetBrains\IntelliJ IDEA 2020.3.3\bin\breakgen64.dll
0x00007ffb44110000 - 0x00007ffb441db000 	C:\WINDOWS\SYSTEM32\DNSAPI.dll
0x00007ffb440c0000 - 0x00007ffb440fb000 	C:\WINDOWS\SYSTEM32\IPHLPAPI.DLL
0x00007ffb456f0000 - 0x00007ffb456f8000 	C:\WINDOWS\System32\NSI.dll
0x00007ffb3d3d0000 - 0x00007ffb3d3da000 	C:\Windows\System32\rasadhlp.dll
0x00007ffb369b0000 - 0x00007ffb36a2f000 	C:\WINDOWS\System32\fwpuclnt.dll
0x00007ffb3f460000 - 0x00007ffb3f469000 	C:\Program Files\Java\jdk-11.0.10\bin\management.dll
0x00007ffb3f320000 - 0x00007ffb3f32b000 	C:\Program Files\Java\jdk-11.0.10\bin\management_ext.dll
0x00007ffb44600000 - 0x00007ffb44618000 	C:\WINDOWS\SYSTEM32\CRYPTSP.dll
0x00007ffb43d50000 - 0x00007ffb43d84000 	C:\WINDOWS\system32\rsaenh.dll
0x00007ffb44b30000 - 0x00007ffb44b5e000 	C:\WINDOWS\SYSTEM32\USERENV.dll
0x00007ffb445f0000 - 0x00007ffb445fc000 	C:\WINDOWS\SYSTEM32\CRYPTBASE.dll
0x00007ffb3c9d0000 - 0x00007ffb3c9e7000 	C:\WINDOWS\SYSTEM32\dhcpcsvc6.DLL
0x00007ffb3c960000 - 0x00007ffb3c97d000 	C:\WINDOWS\SYSTEM32\dhcpcsvc.DLL
0x00007ffb2d150000 - 0x00007ffb2d167000 	C:\WINDOWS\system32\napinsp.dll
0x00007ffb2b4c0000 - 0x00007ffb2b4db000 	C:\WINDOWS\system32\pnrpnsp.dll
0x00007ffb3fe60000 - 0x00007ffb3fe75000 	C:\WINDOWS\system32\wshbth.dll
0x00007ffb40a10000 - 0x00007ffb40a2d000 	C:\WINDOWS\system32\NLAapi.dll
0x00007ffb2b4a0000 - 0x00007ffb2b4b2000 	C:\WINDOWS\System32\winrnr.dll
0x00007ffb370d0000 - 0x00007ffb370f5000 	C:\Program Files\Java\jdk-11.0.10\bin\sunec.dll
0x00007ffb3f470000 - 0x00007ffb3f47d000 	C:\Program Files\Java\jdk-11.0.10\bin\sunmscapi.dll
0x00007ffb44da0000 - 0x00007ffb44eff000 	C:\WINDOWS\System32\CRYPT32.dll
0x00007ffb44710000 - 0x00007ffb44737000 	C:\WINDOWS\SYSTEM32\ncrypt.dll
0x00007ffb446d0000 - 0x00007ffb4470b000 	C:\WINDOWS\SYSTEM32\NTASN1.dll

dbghelp: loaded successfully - version: 4.0.5 - missing functions: none
symbol engine: initialized successfully - sym options: 0x614 - pdb path: .;C:\Program Files\Java\jdk-11.0.10\bin;C:\WINDOWS\SYSTEM32;C:\WINDOWS\WinSxS\amd64_microsoft.windows.common-controls_6595b64144ccf1df_6.0.19041.844_none_ca00b6081b84eb1d;C:\WINDOWS\system32\DriverStore\FileRepository\nvltwu.inf_amd64_c8da725822079174;C:\Program Files\NVIDIA Corporation\CoProcManager;C:\Program Files\Java\jdk-11.0.10\bin\server;C:\Program Files\JetBrains\IntelliJ IDEA 2020.3.3\bin

VM Arguments:
jvm_args: -XX:TieredStopAtLevel=1 -Xverify:none -Dspring.output.ansi.enabled=always -javaagent:C:\Program Files\JetBrains\IntelliJ IDEA 2020.3.3\lib\idea_rt.jar=49742:C:\Program Files\JetBrains\IntelliJ IDEA 2020.3.3\bin -Dcom.sun.management.jmxremote -Dspring.jmx.enabled=true -Dspring.liveBeansView.mbeanDomain -Dspring.application.admin.enabled=true -Dfile.encoding=UTF-8 
java_command: com.sparta.backend.BackendApplication
java_class_path (initial): C:\Users\Administrator\IdeaProjects\backend\build\classes\java\main;C:\Users\Administrator\IdeaProjects\backend\build\resources\main;C:\Users\Administrator\.gradle\caches\modules-2\files-2.1\org.projectlombok\lombok\1.18.18\481f5bfed3ae29f656eedfe9e98c8365b8ba5c57\lombok-1.18.18.jar;C:\Users\Administrator\.gradle\caches\modules-2\files-2.1\org.seleniumhq.selenium\selenium-java\3.141.59\e8e20b741299cb8ffedbd2925a3ab69d08b41063\selenium-java-3.141.59.jar;C:\Users\Administrator\.gradle\caches\modules-2\files-2.1\org.springframework.boot\spring-boot-starter-data-jpa\2.4.4\467d100d81d955308bf5a32067f6e620dbeda815\spring-boot-starter-data-jpa-2.4.4.jar;C:\Users\Administrator\.gradle\caches\modules-2\files-2.1\org.springframework.boot\spring-boot-starter-web\2.4.4\8b84b6800a0b72d644d77aea3df0bf02008096a7\spring-boot-starter-web-2.4.4.jar;C:\Users\Administrator\.gradle\caches\modules-2\files-2.1\org.jsoup\jsoup\1.13.1\f9577f3732bb7caa4fee8aba5053158f4010c118\jsoup-1.13.1.jar;C:\Users\Administrator\.gradle\caches\modules-2\files-2.1\org.springframework.boot\spring-boot-starter-thymeleaf\2.4.4\b6cfa0786720394dea233a85c06774bae4f26732\spring-boot-starter-thymeleaf-2.4.4.jar;C:\Users\Administrator\.gradle\caches\modules-2\files-2.1\org.seleniumhq.selenium\selenium-chrome-driver\3.141.59\67137314736c6a2f39a8aa59a562e9616ae5f77e\selenium-chrome-driver-3.141.59.jar;C:\Users\Administrator\.gradle\caches\modules-2\files-2.1\org.seleniumhq.selenium\selenium-edge-driver\3.141.59\fc09c66f2d0b33b0816d770761ad1d599ef0df29\selenium-edge-driver-3.141.59.jar;C:\Users\Administrator\.gradle\caches\modules-2\files-2.1\org.seleniumhq.selenium\selenium-firefox-driver\3.141.59\a99f2fe2a42747ed9809d4f62f51a9e1b336dde8\selenium-firefox-driver-3.141.59.jar;C:\Users\Administrator\.gradle\caches\modules-2\files-2.1\org.seleniumhq.selenium\selenium-ie-driver\3.141.59\677b9b414a3a9bb2aeea89042a7b326edeb13a82\selenium-ie-driver-3.141.59.jar;C:\Users\Administrator\.gradle\cach
Launcher Type: SUN_STANDARD

[Global flags]
     bool BytecodeVerificationLocal                = false                                     {product} {command line}
     bool BytecodeVerificationRemote               = false                                     {product} {command line}
     intx CICompilerCount                          = 3                                         {product} {ergonomic}
     uint ConcGCThreads                            = 1                                         {product} {ergonomic}
     uint G1ConcRefinementThreads                  = 4                                         {product} {ergonomic}
   size_t G1HeapRegionSize                         = 1048576                                   {product} {ergonomic}
    uintx GCDrainStackTargetSize                   = 64                                        {product} {ergonomic}
   size_t InitialHeapSize                          = 134217728                                 {product} {ergonomic}
     bool ManagementServer                         = true                                      {product} {command line}
   size_t MarkStackSize                            = 4194304                                   {product} {ergonomic}
   size_t MaxHeapSize                              = 2118123520                                {product} {ergonomic}
   size_t MaxNewSize                               = 1270874112                                {product} {ergonomic}
   size_t MinHeapDeltaBytes                        = 1048576                                   {product} {ergonomic}
    uintx NonNMethodCodeHeapSize                   = 6973028                                {pd product} {ergonomic}
    uintx NonProfiledCodeHeapSize                  = 244685212                              {pd product} {ergonomic}
    uintx ProfiledCodeHeapSize                     = 0                                      {pd product} {ergonomic}
    uintx ReservedCodeCacheSize                    = 251658240                              {pd product} {ergonomic}
     bool SegmentedCodeCache                       = true                                      {product} {ergonomic}
     intx TieredStopAtLevel                        = 1                                         {product} {command line}
     bool UseCompressedClassPointers               = true                                 {lp64_product} {ergonomic}
     bool UseCompressedOops                        = true                                 {lp64_product} {ergonomic}
     bool UseG1GC                                  = true                                      {product} {ergonomic}
     bool UseLargePagesIndividualAllocation        = false                                  {pd product} {ergonomic}

Logging:
Log output configuration:
 #0: stdout all=warning uptime,level,tags
 #1: stderr all=off uptime,level,tags

Environment Variables:
JAVA_HOME=C:\Program Files\Java\jdk-11.0.10
PATH=C:\Program Files\Common Files\Oracle\Java\javapath;C:\Program Files\Zulu\zulu-8\bin\;C:\Program Files (x86)\NAT Service;C:\Windows\system32;C:\Windows;C:\Windows\System32\Wbem;C:\Windows\System32\WindowsPowerShell\v1.0\;C:\Program Files\Intel\WiFi\bin\;C:\Program Files\Common Files\Intel\WirelessCommon\;C:\Program Files\Java\jdk1.8.0_221\bin;C:\Program Files\NVIDIA Corporation\NVIDIA NvDLISRC:\Program Files\Java\jdk1.8.0_221bin;C:\Program Files\NVIDIA Corporation\NVIDIA NvDLISR;C:\WINDOWS\system32;C:\WINDOWS;C:\WINDOWS\System32\Wbem;C:\WINDOWS\System32\WindowsPowerShell\v1.0\;C:\WINDOWS\System32\OpenSSH\;C:\data\db\bin;C:\Program Files\Git\cmd;";C:\Program Files\Zulu\zulu-8\bin";C:\Program Files\Java\jdk-11.0.10\bin;C:\Users\Administrator\AppData\Local\Programs\Python\Python38\Scripts\;C:\Users\Administrator\AppData\Local\Programs\Python\Python38\;C:\Users\Administrator\Anaconda3;C:\Users\Administrator\Anaconda3\Library\mingw-w64\bin;C:\Users\Administrator\Anaconda3\Library\usr\bin;C:\Users\Administrator\Anaconda3\Library\bin;C:\Users\Administrator\Anaconda3\Scripts;C:\Program Files\Intel\WiFi\bin\;C:\Program Files\Common Files\Intel\WirelessCommon\;C:\Program Files\Bandizip\;C:\Users\Administrator\AppData\Local\Microsoft\WindowsApps;C:\Users\Administrator\AppData\Local\Programs\Microsoft VS Code\bin;C:\Program Files\JetBrains\IntelliJ IDEA 2020.3.3\bin;
USERNAME=um
OS=Windows_NT
PROCESSOR_IDENTIFIER=Intel64 Family 6 Model 42 Stepping 7, GenuineIntel



---------------  S Y S T E M  ---------------

OS: Windows 10 , 64 bit Build 19041 (10.0.19041.804)

CPU:total 4 (initial active 4) (2 cores per cpu, 2 threads per core) family 6 model 42 stepping 7 microcode 0x2f, cmov, cx8, fxsr, mmx, sse, sse2, sse3, ssse3, sse4.1, sse4.2, popcnt, avx, aes, clmul, ht, tsc, tscinvbit

Memory: 4k page, system-wide physical 8075M (765M free)
TotalPageFile size 10123M (AvailPageFile size 1M)
current process WorkingSet (physical memory assigned to process): 253M, peak: 253M
current process commit charge ("private bytes"): 309M, peak: 310M

vm_info: Java HotSpot(TM) 64-Bit Server VM (11.0.10+8-LTS-162) for windows-amd64 JRE (11.0.10+8-LTS-162), built on Dec  8 2020 16:32:57 by "mach5one" with MS VC++ 15.9 (VS2017)

END.
